
> dentist-queue-frontend@1.0.0 dev
> vite


  VITE v5.4.21  ready in 1242 ms

  ➜  Local:   http://localhost:5173/
  ➜  Network: use --host to expose
8:53:25 PM [vite] ✨ new dependencies optimized: date-fns
8:53:25 PM [vite] ✨ optimized dependencies changed. reloading
8:55:52 PM [vite] hmr update /src/pages/AppointmentBookingPage.tsx
8:55:52 PM [vite] hmr update /src/App.tsx
8:55:52 PM [vite] hmr update /src/components/Layout.tsx
8:57:33 PM [vite] hmr update /src/pages/AppointmentBookingPage.tsx
8:57:45 PM [vite] hmr update /src/pages/AppointmentBookingPage.tsx
8:59:18 PM [vite] hmr update /src/pages/AppointmentBookingPage.tsx
9:02:26 PM [vite] hmr update /src/App.tsx
9:02:38 PM [vite] hmr update /src/App.tsx
9:02:56 PM [vite] hmr update /src/pages/AppointmentBookingPage.tsx
9:03:39 PM [vite] hmr update /src/components/PublicLayout.tsx
9:03:39 PM [vite] hmr update /src/App.tsx
9:03:39 PM [vite] hmr update /src/pages/AppointmentBookingPage.tsx
9:05:49 PM [vite] hmr update /src/pages/AppointmentBookingPage.tsx
9:06:24 PM [vite] hmr update /src/pages/AppointmentBookingPage.tsx
Killed
npm error Lifecycle script `dev` failed with error:
npm error code 137
npm error path /home/finley/siscom/sidequest/dentist-queue-management-system/frontend
npm error workspace dentist-queue-frontend@1.0.0
npm error location /home/finley/siscom/sidequest/dentist-queue-management-system/frontend
npm error command failed
npm error command sh -c vite
